000 (93717.000.000) 05/25 06:32:39 Job submitted from host: <130.199.48.114:9618?addrs=130.199.48.114-9618&noUDP&sock=21700_e023_3>
...
001 (93717.000.000) 05/25 06:32:53 Job executing on host: <130.199.200.101:9618?addrs=130.199.200.101-9618&noUDP&sock=432669_603c_3>
...
006 (93717.000.000) 05/25 06:33:01 Image size of job updated: 231432
	105  -  MemoryUsage of job (MB)
	106884  -  ResidentSetSize of job (KB)
...
006 (93717.000.000) 05/25 06:33:30 Image size of job updated: 231432
	105  -  MemoryUsage of job (MB)
	107004  -  ResidentSetSize of job (KB)
...
005 (93717.000.000) 05/25 06:33:30 Job terminated.
	(1) Normal termination (return value 0)
		Usr 0 00:00:13, Sys 0 00:00:05  -  Run Remote Usage
		Usr 0 00:00:00, Sys 0 00:00:00  -  Run Local Usage
		Usr 0 00:00:13, Sys 0 00:00:05  -  Total Remote Usage
		Usr 0 00:00:00, Sys 0 00:00:00  -  Total Local Usage
	0  -  Run Bytes Sent By Job
	0  -  Run Bytes Received By Job
	0  -  Total Bytes Sent By Job
	0  -  Total Bytes Received By Job
	Partitionable Resources :    Usage  Request Allocated 
	   Cpus                 :        0        1         1 
	   Disk (KB)            :        1        1   5106344 
	   Memory (MB)          :      105     1500      1536 
	   Xferslots            :                           0 
...
000 (93733.000.000) 05/25 08:34:41 Job submitted from host: <130.199.48.114:9618?addrs=130.199.48.114-9618&noUDP&sock=21700_e023_3>
...
001 (93733.000.000) 05/25 08:34:54 Job executing on host: <130.199.157.140:9618?addrs=130.199.157.140-9618&noUDP&sock=448388_3db1_3>
...
006 (93733.000.000) 05/25 08:35:02 Image size of job updated: 77056
	46  -  MemoryUsage of job (MB)
	46188  -  ResidentSetSize of job (KB)
...
006 (93733.000.000) 05/25 08:36:31 Image size of job updated: 212744
	46  -  MemoryUsage of job (MB)
	46252  -  ResidentSetSize of job (KB)
...
005 (93733.000.000) 05/25 08:36:31 Job terminated.
	(1) Normal termination (return value 0)
		Usr 0 00:00:12, Sys 0 00:00:06  -  Run Remote Usage
		Usr 0 00:00:00, Sys 0 00:00:00  -  Run Local Usage
		Usr 0 00:00:12, Sys 0 00:00:06  -  Total Remote Usage
		Usr 0 00:00:00, Sys 0 00:00:00  -  Total Local Usage
	0  -  Run Bytes Sent By Job
	0  -  Run Bytes Received By Job
	0  -  Total Bytes Sent By Job
	0  -  Total Bytes Received By Job
	Partitionable Resources :    Usage  Request Allocated 
	   Cpus                 :     0.09        1         1 
	   Disk (KB)            :     1           1  14337860 
	   Memory (MB)          :    46        1500      1536 
	   Xferslots            :                           0 
...
