000 (93714.000.000) 05/25 06:32:39 Job submitted from host: <130.199.48.114:9618?addrs=130.199.48.114-9618&noUDP&sock=21700_e023_3>
...
001 (93714.000.000) 05/25 06:32:53 Job executing on host: <130.199.202.103:9618?addrs=130.199.202.103-9618&noUDP&sock=118491_0151_3>
...
006 (93714.000.000) 05/25 06:33:01 Image size of job updated: 238076
	110  -  MemoryUsage of job (MB)
	111772  -  ResidentSetSize of job (KB)
...
006 (93714.000.000) 05/25 06:33:28 Image size of job updated: 238076
	110  -  MemoryUsage of job (MB)
	111940  -  ResidentSetSize of job (KB)
...
005 (93714.000.000) 05/25 06:33:28 Job terminated.
	(1) Normal termination (return value 0)
		Usr 0 00:00:14, Sys 0 00:00:06  -  Run Remote Usage
		Usr 0 00:00:00, Sys 0 00:00:00  -  Run Local Usage
		Usr 0 00:00:14, Sys 0 00:00:06  -  Total Remote Usage
		Usr 0 00:00:00, Sys 0 00:00:00  -  Total Local Usage
	0  -  Run Bytes Sent By Job
	0  -  Run Bytes Received By Job
	0  -  Total Bytes Sent By Job
	0  -  Total Bytes Received By Job
	Partitionable Resources :    Usage  Request Allocated 
	   Cpus                 :     0.34        1         1 
	   Disk (KB)            :     1           1   5106351 
	   Memory (MB)          :   110        1500      1536 
	   Xferslots            :                           0 
...
000 (93730.000.000) 05/25 08:34:41 Job submitted from host: <130.199.48.114:9618?addrs=130.199.48.114-9618&noUDP&sock=21700_e023_3>
...
001 (93730.000.000) 05/25 08:34:52 Job executing on host: <130.199.202.101:9618?addrs=130.199.202.101-9618&noUDP&sock=193835_6e14_3>
...
006 (93730.000.000) 05/25 08:35:01 Image size of job updated: 240364
	109  -  MemoryUsage of job (MB)
	110664  -  ResidentSetSize of job (KB)
...
005 (93730.000.000) 05/25 08:35:26 Job terminated.
	(1) Normal termination (return value 0)
		Usr 0 00:00:11, Sys 0 00:00:05  -  Run Remote Usage
		Usr 0 00:00:00, Sys 0 00:00:00  -  Run Local Usage
		Usr 0 00:00:11, Sys 0 00:00:05  -  Total Remote Usage
		Usr 0 00:00:00, Sys 0 00:00:00  -  Total Local Usage
	0  -  Run Bytes Sent By Job
	0  -  Run Bytes Received By Job
	0  -  Total Bytes Sent By Job
	0  -  Total Bytes Received By Job
	Partitionable Resources :    Usage  Request Allocated 
	   Cpus                 :        0        1         1 
	   Disk (KB)            :        1        1   4811790 
	   Memory (MB)          :      109     1500      1536 
	   Xferslots            :                           0 
...
