000 (93709.000.000) 05/25 06:32:39 Job submitted from host: <130.199.48.114:9618?addrs=130.199.48.114-9618&noUDP&sock=21700_e023_3>
...
001 (93709.000.000) 05/25 06:32:53 Job executing on host: <130.199.200.111:9618?addrs=130.199.200.111-9618&noUDP&sock=442773_2a14_3>
...
006 (93709.000.000) 05/25 06:33:02 Image size of job updated: 222536
	85  -  MemoryUsage of job (MB)
	86220  -  ResidentSetSize of job (KB)
...
006 (93709.000.000) 05/25 06:33:37 Image size of job updated: 222536
	85  -  MemoryUsage of job (MB)
	86292  -  ResidentSetSize of job (KB)
...
005 (93709.000.000) 05/25 06:33:38 Job terminated.
	(1) Normal termination (return value 0)
		Usr 0 00:00:16, Sys 0 00:00:07  -  Run Remote Usage
		Usr 0 00:00:00, Sys 0 00:00:00  -  Run Local Usage
		Usr 0 00:00:16, Sys 0 00:00:07  -  Total Remote Usage
		Usr 0 00:00:00, Sys 0 00:00:00  -  Total Local Usage
	0  -  Run Bytes Sent By Job
	0  -  Run Bytes Received By Job
	0  -  Total Bytes Sent By Job
	0  -  Total Bytes Received By Job
	Partitionable Resources :    Usage  Request Allocated 
	   Cpus                 :     0.54        1         1 
	   Disk (KB)            :     1           1   5106401 
	   Memory (MB)          :    85        1500      1536 
	   Xferslots            :                           0 
...
