000 (93715.000.000) 05/25 06:32:39 Job submitted from host: <130.199.48.114:9618?addrs=130.199.48.114-9618&noUDP&sock=21700_e023_3>
...
001 (93715.000.000) 05/25 06:32:53 Job executing on host: <130.199.200.100:9618?addrs=130.199.200.100-9618&noUDP&sock=58358_ab76_3>
...
006 (93715.000.000) 05/25 06:33:01 Image size of job updated: 264060
	132  -  MemoryUsage of job (MB)
	134784  -  ResidentSetSize of job (KB)
...
006 (93715.000.000) 05/25 06:33:24 Image size of job updated: 506732
	132  -  MemoryUsage of job (MB)
	135008  -  ResidentSetSize of job (KB)
...
005 (93715.000.000) 05/25 06:33:25 Job terminated.
	(1) Normal termination (return value 0)
		Usr 0 00:00:13, Sys 0 00:00:05  -  Run Remote Usage
		Usr 0 00:00:00, Sys 0 00:00:00  -  Run Local Usage
		Usr 0 00:00:13, Sys 0 00:00:05  -  Total Remote Usage
		Usr 0 00:00:00, Sys 0 00:00:00  -  Total Local Usage
	0  -  Run Bytes Sent By Job
	0  -  Run Bytes Received By Job
	0  -  Total Bytes Sent By Job
	0  -  Total Bytes Received By Job
	Partitionable Resources :    Usage  Request Allocated 
	   Cpus                 :        0        1         1 
	   Disk (KB)            :        1        1   5106406 
	   Memory (MB)          :      132     1500      1536 
	   Xferslots            :                           0 
...
000 (93731.000.000) 05/25 08:34:41 Job submitted from host: <130.199.48.114:9618?addrs=130.199.48.114-9618&noUDP&sock=21700_e023_3>
...
001 (93731.000.000) 05/25 08:34:54 Job executing on host: <130.199.157.17:9618?addrs=130.199.157.17-9618&noUDP&sock=293753_3732_3>
...
006 (93731.000.000) 05/25 08:35:03 Image size of job updated: 189136
	72  -  MemoryUsage of job (MB)
	73128  -  ResidentSetSize of job (KB)
...
006 (93731.000.000) 05/25 08:35:35 Image size of job updated: 189136
	72  -  MemoryUsage of job (MB)
	73364  -  ResidentSetSize of job (KB)
...
005 (93731.000.000) 05/25 08:35:36 Job terminated.
	(1) Normal termination (return value 0)
		Usr 0 00:00:14, Sys 0 00:00:08  -  Run Remote Usage
		Usr 0 00:00:00, Sys 0 00:00:00  -  Run Local Usage
		Usr 0 00:00:14, Sys 0 00:00:08  -  Total Remote Usage
		Usr 0 00:00:00, Sys 0 00:00:00  -  Total Local Usage
	0  -  Run Bytes Sent By Job
	0  -  Run Bytes Received By Job
	0  -  Total Bytes Sent By Job
	0  -  Total Bytes Received By Job
	Partitionable Resources :    Usage  Request Allocated 
	   Cpus                 :        0        1         1 
	   Disk (KB)            :        1        1   6743392 
	   Memory (MB)          :       72     1500      1536 
	   Xferslots            :                           0 
...
