000 (93713.000.000) 05/25 06:32:39 Job submitted from host: <130.199.48.114:9618?addrs=130.199.48.114-9618&noUDP&sock=21700_e023_3>
...
001 (93713.000.000) 05/25 06:32:53 Job executing on host: <130.199.157.205:9618?addrs=130.199.157.205-9618&noUDP&sock=324755_f50d_3>
...
006 (93713.000.000) 05/25 06:33:01 Image size of job updated: 285268
	150  -  MemoryUsage of job (MB)
	153256  -  ResidentSetSize of job (KB)
...
006 (93713.000.000) 05/25 06:33:28 Image size of job updated: 285268
	150  -  MemoryUsage of job (MB)
	153296  -  ResidentSetSize of job (KB)
...
005 (93713.000.000) 05/25 06:33:28 Job terminated.
	(1) Normal termination (return value 0)
		Usr 0 00:00:16, Sys 0 00:00:06  -  Run Remote Usage
		Usr 0 00:00:00, Sys 0 00:00:00  -  Run Local Usage
		Usr 0 00:00:16, Sys 0 00:00:06  -  Total Remote Usage
		Usr 0 00:00:00, Sys 0 00:00:00  -  Total Local Usage
	0  -  Run Bytes Sent By Job
	0  -  Run Bytes Received By Job
	0  -  Total Bytes Sent By Job
	0  -  Total Bytes Received By Job
	Partitionable Resources :    Usage  Request Allocated 
	   Cpus                 :     0.58        1         1 
	   Disk (KB)            :     1           1   6681653 
	   Memory (MB)          :   150        1500      1536 
	   Xferslots            :                           0 
...
000 (93729.000.000) 05/25 08:34:41 Job submitted from host: <130.199.48.114:9618?addrs=130.199.48.114-9618&noUDP&sock=21700_e023_3>
...
001 (93729.000.000) 05/25 08:34:54 Job executing on host: <130.199.202.102:9618?addrs=130.199.202.102-9618&noUDP&sock=23601_849e_3>
...
006 (93729.000.000) 05/25 08:35:02 Image size of job updated: 223928
	97  -  MemoryUsage of job (MB)
	99020  -  ResidentSetSize of job (KB)
...
006 (93729.000.000) 05/25 08:35:32 Image size of job updated: 223928
	97  -  MemoryUsage of job (MB)
	99024  -  ResidentSetSize of job (KB)
...
005 (93729.000.000) 05/25 08:35:33 Job terminated.
	(1) Normal termination (return value 0)
		Usr 0 00:00:14, Sys 0 00:00:06  -  Run Remote Usage
		Usr 0 00:00:00, Sys 0 00:00:00  -  Run Local Usage
		Usr 0 00:00:14, Sys 0 00:00:06  -  Total Remote Usage
		Usr 0 00:00:00, Sys 0 00:00:00  -  Total Local Usage
	0  -  Run Bytes Sent By Job
	0  -  Run Bytes Received By Job
	0  -  Total Bytes Sent By Job
	0  -  Total Bytes Received By Job
	Partitionable Resources :    Usage  Request Allocated 
	   Cpus                 :        0        1         1 
	   Disk (KB)            :        1        1   4811782 
	   Memory (MB)          :       97     1500      1536 
	   Xferslots            :                           0 
...
