000 (93711.000.000) 05/25 06:32:39 Job submitted from host: <130.199.48.114:9618?addrs=130.199.48.114-9618&noUDP&sock=21700_e023_3>
...
001 (93711.000.000) 05/25 06:32:53 Job executing on host: <130.199.157.132:9618?addrs=130.199.157.132-9618&noUDP&sock=133557_3436_3>
...
006 (93711.000.000) 05/25 06:33:02 Image size of job updated: 61028
	37  -  MemoryUsage of job (MB)
	37376  -  ResidentSetSize of job (KB)
...
004 (93711.000.000) 05/25 06:34:00 Job was evicted.
	(0) Job was not checkpointed.
		Usr 0 00:00:06, Sys 0 00:00:01  -  Run Remote Usage
		Usr 0 00:00:00, Sys 0 00:00:00  -  Run Local Usage
	0  -  Run Bytes Sent By Job
	0  -  Run Bytes Received By Job
	Partitionable Resources :    Usage  Request Allocated 
	   Cpus                 :     0.07        1         1 
	   Disk (KB)            :     1           1  14337840 
	   Memory (MB)          :    37        1500      1536 
	   Xferslots            :                           0 
...
009 (93711.000.000) 05/25 06:34:00 Job was aborted by the user.
	via condor_rm (by user siddhant)
...
000 (93727.000.000) 05/25 08:34:41 Job submitted from host: <130.199.48.114:9618?addrs=130.199.48.114-9618&noUDP&sock=21700_e023_3>
...
001 (93727.000.000) 05/25 08:34:54 Job executing on host: <130.199.157.15:9618?addrs=130.199.157.15-9618&noUDP&sock=121015_d1bc_3>
...
006 (93727.000.000) 05/25 08:35:02 Image size of job updated: 460
	1  -  MemoryUsage of job (MB)
	460  -  ResidentSetSize of job (KB)
...
006 (93727.000.000) 05/25 08:40:02 Image size of job updated: 5068
	2  -  MemoryUsage of job (MB)
	1956  -  ResidentSetSize of job (KB)
...
006 (93727.000.000) 05/25 08:41:32 Image size of job updated: 188540
	2  -  MemoryUsage of job (MB)
	1956  -  ResidentSetSize of job (KB)
...
005 (93727.000.000) 05/25 08:41:33 Job terminated.
	(1) Normal termination (return value 0)
		Usr 0 00:00:16, Sys 0 00:02:09  -  Run Remote Usage
		Usr 0 00:00:00, Sys 0 00:00:00  -  Run Local Usage
		Usr 0 00:00:16, Sys 0 00:02:09  -  Total Remote Usage
		Usr 0 00:00:00, Sys 0 00:00:00  -  Total Local Usage
	0  -  Run Bytes Sent By Job
	0  -  Run Bytes Received By Job
	0  -  Total Bytes Sent By Job
	0  -  Total Bytes Received By Job
	Partitionable Resources :    Usage  Request Allocated 
	   Cpus                 :     0.14        1         1 
	   Disk (KB)            :     1           1   6743389 
	   Memory (MB)          :     2        1500      1536 
	   Xferslots            :                           0 
...
