000 (93712.000.000) 05/25 06:32:39 Job submitted from host: <130.199.48.114:9618?addrs=130.199.48.114-9618&noUDP&sock=21700_e023_3>
...
001 (93712.000.000) 05/25 06:32:53 Job executing on host: <130.199.157.11:9618?addrs=130.199.157.11-9618&noUDP&sock=23198_f940_3>
...
006 (93712.000.000) 05/25 06:33:02 Image size of job updated: 312548
	174  -  MemoryUsage of job (MB)
	177860  -  ResidentSetSize of job (KB)
...
006 (93712.000.000) 05/25 06:33:26 Image size of job updated: 312548
	174  -  MemoryUsage of job (MB)
	177956  -  ResidentSetSize of job (KB)
...
005 (93712.000.000) 05/25 06:33:26 Job terminated.
	(1) Normal termination (return value 0)
		Usr 0 00:00:14, Sys 0 00:00:06  -  Run Remote Usage
		Usr 0 00:00:00, Sys 0 00:00:00  -  Run Local Usage
		Usr 0 00:00:14, Sys 0 00:00:06  -  Total Remote Usage
		Usr 0 00:00:00, Sys 0 00:00:00  -  Total Local Usage
	0  -  Run Bytes Sent By Job
	0  -  Run Bytes Received By Job
	0  -  Total Bytes Sent By Job
	0  -  Total Bytes Received By Job
	Partitionable Resources :    Usage  Request Allocated 
	   Cpus                 :     0.62        1         1 
	   Disk (KB)            :     1           1   6743392 
	   Memory (MB)          :   174        1500      1536 
	   Xferslots            :                           0 
...
000 (93728.000.000) 05/25 08:34:41 Job submitted from host: <130.199.48.114:9618?addrs=130.199.48.114-9618&noUDP&sock=21700_e023_3>
...
001 (93728.000.000) 05/25 08:34:54 Job executing on host: <130.199.156.231:9618?addrs=130.199.156.231-9618&noUDP&sock=289671_506b_3>
...
006 (93728.000.000) 05/25 08:35:02 Image size of job updated: 222184
	96  -  MemoryUsage of job (MB)
	98036  -  ResidentSetSize of job (KB)
...
006 (93728.000.000) 05/25 08:35:36 Image size of job updated: 222184
	96  -  MemoryUsage of job (MB)
	98064  -  ResidentSetSize of job (KB)
...
005 (93728.000.000) 05/25 08:35:37 Job terminated.
	(1) Normal termination (return value 0)
		Usr 0 00:00:15, Sys 0 00:00:06  -  Run Remote Usage
		Usr 0 00:00:00, Sys 0 00:00:00  -  Run Local Usage
		Usr 0 00:00:15, Sys 0 00:00:06  -  Total Remote Usage
		Usr 0 00:00:00, Sys 0 00:00:00  -  Total Local Usage
	0  -  Run Bytes Sent By Job
	0  -  Run Bytes Received By Job
	0  -  Total Bytes Sent By Job
	0  -  Total Bytes Received By Job
	Partitionable Resources :    Usage  Request Allocated 
	   Cpus                 :        0        1         1 
	   Disk (KB)            :        1        1   6743387 
	   Memory (MB)          :       96     1500      1536 
	   Xferslots            :                           0 
...
