000 (93718.000.000) 05/25 06:32:40 Job submitted from host: <130.199.48.114:9618?addrs=130.199.48.114-9618&noUDP&sock=21700_e023_3>
...
001 (93718.000.000) 05/25 06:32:53 Job executing on host: <130.199.157.155:9618?addrs=130.199.157.155-9618&noUDP&sock=136254_c539_3>
...
006 (93718.000.000) 05/25 06:33:02 Image size of job updated: 218380
	95  -  MemoryUsage of job (MB)
	97184  -  ResidentSetSize of job (KB)
...
006 (93718.000.000) 05/25 06:33:32 Image size of job updated: 457380
	95  -  MemoryUsage of job (MB)
	97204  -  ResidentSetSize of job (KB)
...
005 (93718.000.000) 05/25 06:33:32 Job terminated.
	(1) Normal termination (return value 0)
		Usr 0 00:00:12, Sys 0 00:00:05  -  Run Remote Usage
		Usr 0 00:00:00, Sys 0 00:00:00  -  Run Local Usage
		Usr 0 00:00:12, Sys 0 00:00:05  -  Total Remote Usage
		Usr 0 00:00:00, Sys 0 00:00:00  -  Total Local Usage
	0  -  Run Bytes Sent By Job
	0  -  Run Bytes Received By Job
	0  -  Total Bytes Sent By Job
	0  -  Total Bytes Received By Job
	Partitionable Resources :    Usage  Request Allocated 
	   Cpus                 :     0.29        1         1 
	   Disk (KB)            :     1           1  14337859 
	   Memory (MB)          :    95        1500      1536 
	   Xferslots            :                           0 
...
000 (93734.000.000) 05/25 08:34:41 Job submitted from host: <130.199.48.114:9618?addrs=130.199.48.114-9618&noUDP&sock=21700_e023_3>
...
001 (93734.000.000) 05/25 08:34:54 Job executing on host: <130.199.157.171:9618?addrs=130.199.157.171-9618&noUDP&sock=448613_735d_3>
...
006 (93734.000.000) 05/25 08:35:02 Image size of job updated: 460
	1  -  MemoryUsage of job (MB)
	460  -  ResidentSetSize of job (KB)
...
006 (93734.000.000) 05/25 08:40:02 Image size of job updated: 17412
	5  -  MemoryUsage of job (MB)
	4760  -  ResidentSetSize of job (KB)
...
005 (93734.000.000) 05/25 08:40:31 Job terminated.
	(1) Normal termination (return value 0)
		Usr 0 00:00:15, Sys 0 00:01:49  -  Run Remote Usage
		Usr 0 00:00:00, Sys 0 00:00:00  -  Run Local Usage
		Usr 0 00:00:15, Sys 0 00:01:49  -  Total Remote Usage
		Usr 0 00:00:00, Sys 0 00:00:00  -  Total Local Usage
	0  -  Run Bytes Sent By Job
	0  -  Run Bytes Received By Job
	0  -  Total Bytes Sent By Job
	0  -  Total Bytes Received By Job
	Partitionable Resources :    Usage  Request Allocated 
	   Cpus                 :     0.22        1         1 
	   Disk (KB)            :     1           1   6681653 
	   Memory (MB)          :     5        1500      1536 
	   Xferslots            :                           0 
...
