000 (93716.000.000) 05/25 06:32:39 Job submitted from host: <130.199.48.114:9618?addrs=130.199.48.114-9618&noUDP&sock=21700_e023_3>
...
001 (93716.000.000) 05/25 06:32:53 Job executing on host: <130.199.157.6:9618?addrs=130.199.157.6-9618&noUDP&sock=106203_021d_3>
...
006 (93716.000.000) 05/25 06:33:02 Image size of job updated: 226788
	102  -  MemoryUsage of job (MB)
	103492  -  ResidentSetSize of job (KB)
...
006 (93716.000.000) 05/25 06:33:33 Image size of job updated: 226788
	102  -  MemoryUsage of job (MB)
	103644  -  ResidentSetSize of job (KB)
...
005 (93716.000.000) 05/25 06:33:33 Job terminated.
	(1) Normal termination (return value 0)
		Usr 0 00:00:15, Sys 0 00:00:06  -  Run Remote Usage
		Usr 0 00:00:00, Sys 0 00:00:00  -  Run Local Usage
		Usr 0 00:00:15, Sys 0 00:00:06  -  Total Remote Usage
		Usr 0 00:00:00, Sys 0 00:00:00  -  Total Local Usage
	0  -  Run Bytes Sent By Job
	0  -  Run Bytes Received By Job
	0  -  Total Bytes Sent By Job
	0  -  Total Bytes Received By Job
	Partitionable Resources :    Usage  Request Allocated 
	   Cpus                 :     0.13        1         1 
	   Disk (KB)            :     1           1   6743392 
	   Memory (MB)          :   102        1500      1536 
	   Xferslots            :                           0 
...
000 (93732.000.000) 05/25 08:34:41 Job submitted from host: <130.199.48.114:9618?addrs=130.199.48.114-9618&noUDP&sock=21700_e023_3>
...
001 (93732.000.000) 05/25 08:34:52 Job executing on host: <130.199.200.106:9618?addrs=130.199.200.106-9618&noUDP&sock=434147_24ee_3>
...
006 (93732.000.000) 05/25 08:35:01 Image size of job updated: 265724
	135  -  MemoryUsage of job (MB)
	137492  -  ResidentSetSize of job (KB)
...
006 (93732.000.000) 05/25 08:35:27 Image size of job updated: 265724
	135  -  MemoryUsage of job (MB)
	137632  -  ResidentSetSize of job (KB)
...
005 (93732.000.000) 05/25 08:35:28 Job terminated.
	(1) Normal termination (return value 0)
		Usr 0 00:00:12, Sys 0 00:00:05  -  Run Remote Usage
		Usr 0 00:00:00, Sys 0 00:00:00  -  Run Local Usage
		Usr 0 00:00:12, Sys 0 00:00:05  -  Total Remote Usage
		Usr 0 00:00:00, Sys 0 00:00:00  -  Total Local Usage
	0  -  Run Bytes Sent By Job
	0  -  Run Bytes Received By Job
	0  -  Total Bytes Sent By Job
	0  -  Total Bytes Received By Job
	Partitionable Resources :    Usage  Request Allocated 
	   Cpus                 :     0.51        1         1 
	   Disk (KB)            :     1           1   5106395 
	   Memory (MB)          :   135        1500      1536 
	   Xferslots            :                           0 
...
