_CONDOR_ANCESTOR_375623=375657:1621946094:4084213757
_CONDOR_ANCESTOR_324570=324578:1614879062:2394611507
_CONDOR_ANCESTOR_324578=375623:1621946093:28809451
TEMP=/home/condor/local/sdcc/execute/dir_375623
OMP_NUM_THREADS=1
BATCH_SYSTEM=HTCondor
TMPDIR=/home/condor/local/sdcc/execute/dir_375623
_CONDOR_JOB_PIDS=
_CONDOR_JOB_IWD=/gpfs/mnt/gpfs02/eic/iiti/superfun4all/fun4all_qa_pion_nd/macros
_CHIRP_DELAYED_UPDATE_PREFIX=Chirp*
TMP=/home/condor/local/sdcc/execute/dir_375623
_CONDOR_JOB_AD=/home/condor/local/sdcc/execute/dir_375623/.job.ad
_CONDOR_SCRATCH_DIR=/home/condor/local/sdcc/execute/dir_375623
_CONDOR_SLOT=slot1_24
_CONDOR_CHIRP_CONFIG=/home/condor/local/sdcc/execute/dir_375623/.chirp.config
_CONDOR_MACHINE_AD=/home/condor/local/sdcc/execute/dir_375623/.machine.ad
HOSTTYPE=x86_64-linux
VENDOR=unknown
OSTYPE=linux
MACHTYPE=x86_64
SHLVL=1
PWD=/gpfs/mnt/gpfs02/eic/iiti/superfun4all/fun4all_qa_pion_nd/macros
LOGNAME=siddhant
USER=siddhant
GROUP=eic
HOST=spool0856.sdcc.bnl.gov
HOME=/eic/u/siddhant
CVS_RSH=ssh
KDEDIRS=/usr
QT_PLUGIN_PATH=/usr/lib64/kde4/plugins:/usr/lib/kde4/plugins
LANG=en_US.UTF-8
LESSOPEN=||/usr/bin/lesspipe.sh %s
MODULESHOME=/usr/share/Modules
MODULEPATH=/usr/share/Modules/modulefiles:/etc/modulefiles
LOADEDMODULES=
QT_GRAPHICSSYSTEM_CHECKED=1
QTDIR=/usr/lib64/qt-3.3
PATH=/cvmfs/eic.opensciencegrid.org/gcc-8.3/opt/fun4all/core/gcc/8.3.0.1-0a5ad/x86_64-centos7/bin:/cvmfs/eic.opensciencegrid.org/gcc-8.3/opt/fun4all/core/binutils/2.30-e5b21/x86_64-centos7/bin:.:/cvmfs/eic.opensciencegrid.org/gcc-8.3/release/release_new/new.3/bin:/cvmfs/eic.opensciencegrid.org/gcc-8.3/opt/fun4all/utils/bin:/cvmfs/eic.opensciencegrid.org/gcc-8.3/opt/fun4all/core/bin:/cvmfs/eic.opensciencegrid.org/gcc-8.3/opt/fun4all/core/root-6.22.02/bin:/cvmfs/eic.opensciencegrid.org/gcc-8.3/opt/fun4all/core/geant4.10.06.p02/bin:/afs/rhic.bnl.gov/app/insure-7.5.3/bin:/afs/rhic.bnl.gov/app/coverity-2019.03/bin:/usr/local/bin:/usr/bin:/usr/local/sbin:/usr/sbin
QTINC=/usr/lib64/qt-3.3/include
QTLIB=/usr/lib64/qt-3.3/lib
NO_AT_BRIDGE=1
DCACHE_RAHEAD=
DCACHE_RA_BUFFER=2097152
ORIG_PATH=/usr/lib64/qt-3.3/bin:/usr/bin:/bin
OPT_SPHENIX=/cvmfs/eic.opensciencegrid.org/gcc-8.3/opt/fun4all/core
OPT_FUN4ALL=/cvmfs/eic.opensciencegrid.org/gcc-8.3/opt/fun4all/core
OPT_UTILS=/cvmfs/eic.opensciencegrid.org/gcc-8.3/opt/fun4all/utils
CONFIG_SITE=/cvmfs/eic.opensciencegrid.org/gcc-8.3/opt/fun4all/core/etc/config.site
PERL5LIB=/cvmfs/eic.opensciencegrid.org/gcc-8.3/opt/fun4all/utils/lib64/perl5:/cvmfs/eic.opensciencegrid.org/gcc-8.3/opt/fun4all/utils/share/perl5
LHAPATH=/cvmfs/eic.opensciencegrid.org/gcc-8.3/opt/fun4all/core/lhapdf-5.9.1/share/lhapdf/PDFsets
OFFLINE_MAIN=/cvmfs/eic.opensciencegrid.org/gcc-8.3/release/release_new/new.3
CALIBRATIONROOT=/cvmfs/eic.opensciencegrid.org/gcc-8.3/release/release_new/new.3/share/calibrations
ONLINE_MAIN=/cvmfs/eic.opensciencegrid.org/gcc-8.3/release/release_new/new.3
ROOTSYS=/cvmfs/eic.opensciencegrid.org/gcc-8.3/opt/fun4all/core/root-6.22.02
PYTHONPATH=/cvmfs/eic.opensciencegrid.org/gcc-8.3/opt/fun4all/core/pythonpackages/lib/python3.8/site-packages:/cvmfs/eic.opensciencegrid.org/gcc-8.3/opt/fun4all/core/root-6.22.02/lib
G4_MAIN=/cvmfs/eic.opensciencegrid.org/gcc-8.3/opt/fun4all/core/geant4.10.06.p02
LD_LIBRARY_PATH=/cvmfs/eic.opensciencegrid.org/gcc-8.3/opt/fun4all/core/gcc/8.3.0.1-0a5ad/x86_64-centos7/lib:/cvmfs/eic.opensciencegrid.org/gcc-8.3/opt/fun4all/core/gcc/8.3.0.1-0a5ad/x86_64-centos7/lib64:/cvmfs/eic.opensciencegrid.org/gcc-8.3/opt/fun4all/core/binutils/2.30-e5b21/x86_64-centos7/lib:.:/cvmfs/eic.opensciencegrid.org/gcc-8.3/release/release_new/new.3/lib64:/cvmfs/eic.opensciencegrid.org/gcc-8.3/release/release_new/new.3/lib:/cvmfs/eic.opensciencegrid.org/gcc-8.3/opt/fun4all/utils/lib64:/cvmfs/eic.opensciencegrid.org/gcc-8.3/opt/fun4all/utils/lib:/cvmfs/eic.opensciencegrid.org/gcc-8.3/opt/fun4all/core/lib:/cvmfs/eic.opensciencegrid.org/gcc-8.3/opt/fun4all/core/root-6.22.02/lib:/cvmfs/eic.opensciencegrid.org/gcc-8.3/opt/fun4all/core/geant4.10.06.p02/lib64:/cvmfs/eic.opensciencegrid.org/gcc-8.3/opt/fun4all/core/lhapdf-5.9.1/lib:/afs/rhic.bnl.gov/app/insure-7.5.3/lib:/usr/local/lib64:/usr/lib64
G4NEUTRONHPDATA=/cvmfs/eic.opensciencegrid.org/gcc-8.3/opt/fun4all/core/geant4.10.06.p02/share/Geant4-10.6.2/data/G4NDL4.6
G4LEDATA=/cvmfs/eic.opensciencegrid.org/gcc-8.3/opt/fun4all/core/geant4.10.06.p02/share/Geant4-10.6.2/data/G4EMLOW7.9.1
G4LEVELGAMMADATA=/cvmfs/eic.opensciencegrid.org/gcc-8.3/opt/fun4all/core/geant4.10.06.p02/share/Geant4-10.6.2/data/PhotonEvaporation5.5
G4RADIOACTIVEDATA=/cvmfs/eic.opensciencegrid.org/gcc-8.3/opt/fun4all/core/geant4.10.06.p02/share/Geant4-10.6.2/data/RadioactiveDecay5.4
G4PARTICLEXSDATA=/cvmfs/eic.opensciencegrid.org/gcc-8.3/opt/fun4all/core/geant4.10.06.p02/share/Geant4-10.6.2/data/G4PARTICLEXS2.1
G4PIIDATA=/cvmfs/eic.opensciencegrid.org/gcc-8.3/opt/fun4all/core/geant4.10.06.p02/share/Geant4-10.6.2/data/G4PII1.3
G4REALSURFACEDATA=/cvmfs/eic.opensciencegrid.org/gcc-8.3/opt/fun4all/core/geant4.10.06.p02/share/Geant4-10.6.2/data/RealSurface2.1.1
G4SAIDXSDATA=/cvmfs/eic.opensciencegrid.org/gcc-8.3/opt/fun4all/core/geant4.10.06.p02/share/Geant4-10.6.2/data/G4SAIDDATA2.0
G4ABLADATA=/cvmfs/eic.opensciencegrid.org/gcc-8.3/opt/fun4all/core/geant4.10.06.p02/share/Geant4-10.6.2/data/G4ABLA3.1
G4INCLDATA=/cvmfs/eic.opensciencegrid.org/gcc-8.3/opt/fun4all/core/geant4.10.06.p02/share/Geant4-10.6.2/data/G4INCL1.0
G4ENSDFSTATEDATA=/cvmfs/eic.opensciencegrid.org/gcc-8.3/opt/fun4all/core/geant4.10.06.p02/share/Geant4-10.6.2/data/G4ENSDFSTATE2.2
XERCESCROOT=/cvmfs/eic.opensciencegrid.org/gcc-8.3/opt/fun4all/core/geant4.10.06.p02
PYTHIA8=/cvmfs/eic.opensciencegrid.org/gcc-8.3/release/release_new/new.3/share/Pythia8
SARTRE_DIR=/cvmfs/eic.opensciencegrid.org/gcc-8.3/release/release_new/new.3/sartre
PARASOFT=/afs/rhic.bnl.gov/app/insure-7.5.3
COVERITY_ROOT=/afs/rhic.bnl.gov/app/coverity-2019.03
PGHOST=sphnxdbmaster
PGUSER=phnxrc
MANPATH=/cvmfs/eic.opensciencegrid.org/gcc-8.3/opt/fun4all/core/gcc/8.3.0.1-0a5ad/x86_64-centos7/share/man:/cvmfs/eic.opensciencegrid.org/gcc-8.3/opt/fun4all/core/binutils/2.30-e5b21/x86_64-centos7/share/man:/cvmfs/eic.opensciencegrid.org/gcc-8.3/release/release_new/new.3/share/man:/cvmfs/eic.opensciencegrid.org/gcc-8.3/opt/fun4all/utils/share/man:/cvmfs/eic.opensciencegrid.org/gcc-8.3/opt/fun4all/core/share/man:/cvmfs/eic.opensciencegrid.org/gcc-8.3/opt/fun4all/core/root-6.22.02/man:/usr/local/share/man:/usr/share/man
EVT_LIB=/cvmfs/eic.opensciencegrid.org/gcc-8.3/opt/fun4all/core/root-6.22.02/lib
ROOT_INCLUDE_PATH=./:/cvmfs/eic.opensciencegrid.org/gcc-8.3/release/release_new/new.3/include:/cvmfs/eic.opensciencegrid.org/gcc-8.3/release/release_new/new.3/include/half:/cvmfs/eic.opensciencegrid.org/gcc-8.3/release/release_new/new.3/include/g4detectors:/cvmfs/eic.opensciencegrid.org/gcc-8.3/release/release_new/new.3/include/g4decayer:/cvmfs/eic.opensciencegrid.org/gcc-8.3/release/release_new/new.3/include/phfield:/cvmfs/eic.opensciencegrid.org/gcc-8.3/release/release_new/new.3/include/g4jleic:/cvmfs/eic.opensciencegrid.org/gcc-8.3/release/release_new/new.3/include/serial:/cvmfs/eic.opensciencegrid.org/gcc-8.3/release/release_new/new.3/include/g4intt:/cvmfs/eic.opensciencegrid.org/gcc-8.3/release/release_new/new.3/include/phool:/cvmfs/eic.opensciencegrid.org/gcc-8.3/release/release_new/new.3/include/boost:/cvmfs/eic.opensciencegrid.org/gcc-8.3/release/release_new/new.3/include/Pythia8Plugins:/cvmfs/eic.opensciencegrid.org/gcc-8.3/release/release_new/new.3/include/ffaobjects:/cvmfs/eic.opensciencegrid.org/gcc-8.3/release/release_new/new.3/include/EvtGenBase:/cvmfs/eic.opensciencegrid.org/gcc-8.3/release/release_new/new.3/include/flowafterburner:/cvmfs/eic.opensciencegrid.org/gcc-8.3/release/release_new/new.3/include/g4tpc:/cvmfs/eic.opensciencegrid.org/gcc-8.3/release/release_new/new.3/include/EvtGenExternal:/cvmfs/eic.opensciencegrid.org/gcc-8.3/release/release_new/new.3/include/rapidjson:/cvmfs/eic.opensciencegrid.org/gcc-8.3/release/release_new/new.3/include/genfitexp:/cvmfs/eic.opensciencegrid.org/gcc-8.3/release/release_new/new.3/include/g4mvtx:/cvmfs/eic.opensciencegrid.org/gcc-8.3/release/release_new/new.3/include/fun4all:/cvmfs/eic.opensciencegrid.org/gcc-8.3/release/release_new/new.3/include/intt:/cvmfs/eic.opensciencegrid.org/gcc-8.3/release/release_new/new.3/include/pgcal:/cvmfs/eic.opensciencegrid.org/gcc-8.3/release/release_new/new.3/include/EvtGen:/cvmfs/eic.opensciencegrid.org/gcc-8.3/release/release_new/new.3/include/tpc:/cvmfs/eic.opensciencegrid.org/gcc-8.3/release/release_new/new.3/include/GenFit:/cvmfs/eic.opensciencegrid.org/gcc-8.3/release/release_new/new.3/include/EvtGenModels:/cvmfs/eic.opensciencegrid.org/gcc-8.3/release/release_new/new.3/include/fastjet:/cvmfs/eic.opensciencegrid.org/gcc-8.3/release/release_new/new.3/include/tbb:/cvmfs/eic.opensciencegrid.org/gcc-8.3/release/release_new/new.3/include/phgeom:/cvmfs/eic.opensciencegrid.org/gcc-8.3/release/release_new/new.3/include/vararray:/cvmfs/eic.opensciencegrid.org/gcc-8.3/release/release_new/new.3/include/g4eval:/cvmfs/eic.opensciencegrid.org/gcc-8.3/release/release_new/new.3/include/jetbackground:/cvmfs/eic.opensciencegrid.org/gcc-8.3/release/release_new/new.3/include/qa_modules:/cvmfs/eic.opensciencegrid.org/gcc-8.3/release/release_new/new.3/include/caloreco:/cvmfs/eic.opensciencegrid.org/gcc-8.3/release/release_new/new.3/include/HepMC:/cvmfs/eic.opensciencegrid.org/gcc-8.3/release/release_new/new.3/include/CLHEP:/cvmfs/eic.opensciencegrid.org/gcc-8.3/release/release_new/new.3/include/Acts:/cvmfs/eic.opensciencegrid.org/gcc-8.3/release/release_new/new.3/include/g4histos:/cvmfs/eic.opensciencegrid.org/gcc-8.3/release/release_new/new.3/include/phhepmc:/cvmfs/eic.opensciencegrid.org/gcc-8.3/release/release_new/new.3/include/phpythia6:/cvmfs/eic.opensciencegrid.org/gcc-8.3/release/release_new/new.3/include/trackreco:/cvmfs/eic.opensciencegrid.org/gcc-8.3/release/release_new/new.3/include/phsartre:/cvmfs/eic.opensciencegrid.org/gcc-8.3/release/release_new/new.3/include/phpythia8:/cvmfs/eic.opensciencegrid.org/gcc-8.3/release/release_new/new.3/include/eicdetectors:/cvmfs/eic.opensciencegrid.org/gcc-8.3/release/release_new/new.3/include/Pythia8:/cvmfs/eic.opensciencegrid.org/gcc-8.3/release/release_new/new.3/include/frog:/cvmfs/eic.opensciencegrid.org/gcc-8.3/release/release_new/new.3/include/eigen3:/cvmfs/eic.opensciencegrid.org/gcc-8.3/release/release_new/new.3/include/siscone:/cvmfs/eic.opensciencegrid.org/gcc-8.3/release/release_new/new.3/include/pmonitor:/cvmfs/eic.opensciencegrid.org/gcc-8.3/release/release_new/new.3/include/calobase:/cvmfs/eic.opensciencegrid.org/gcc-8.3/release/release_new/new.3/include/g4gdml:/cvmfs/eic.opensciencegrid.org/gcc-8.3/release/release_new/new.3/include/phparameter:/cvmfs/eic.opensciencegrid.org/gcc-8.3/release/release_new/new.3/include/g4lblvtx:/cvmfs/eic.opensciencegrid.org/gcc-8.3/release/release_new/new.3/include/fun4allraw:/cvmfs/eic.opensciencegrid.org/gcc-8.3/release/release_new/new.3/include/trackbase_historic:/cvmfs/eic.opensciencegrid.org/gcc-8.3/release/release_new/new.3/include/g4jets:/cvmfs/eic.opensciencegrid.org/gcc-8.3/release/release_new/new.3/include/phoolraw:/cvmfs/eic.opensciencegrid.org/gcc-8.3/release/release_new/new.3/include/eicphysicslist:/cvmfs/eic.opensciencegrid.org/gcc-8.3/release/release_new/new.3/include/HelixHough:/cvmfs/eic.opensciencegrid.org/gcc-8.3/release/release_new/new.3/include/sartre:/cvmfs/eic.opensciencegrid.org/gcc-8.3/release/release_new/new.3/include/g4calo:/cvmfs/eic.opensciencegrid.org/gcc-8.3/release/release_new/new.3/include/pdbcalbase:/cvmfs/eic.opensciencegrid.org/gcc-8.3/release/release_new/new.3/include/gsl:/cvmfs/eic.opensciencegrid.org/gcc-8.3/release/release_new/new.3/include/nodedump:/cvmfs/eic.opensciencegrid.org/gcc-8.3/release/release_new/new.3/include/ActsFatras:/cvmfs/eic.opensciencegrid.org/gcc-8.3/release/release_new/new.3/include/Event:/cvmfs/eic.opensciencegrid.org/gcc-8.3/release/release_new/new.3/include/Photos:/cvmfs/eic.opensciencegrid.org/gcc-8.3/release/release_new/new.3/include/trackbase:/cvmfs/eic.opensciencegrid.org/gcc-8.3/release/release_new/new.3/include/g4bbc:/cvmfs/eic.opensciencegrid.org/gcc-8.3/release/release_new/new.3/include/clusteriso:/cvmfs/eic.opensciencegrid.org/gcc-8.3/release/release_new/new.3/include/calotrigger:/cvmfs/eic.opensciencegrid.org/gcc-8.3/release/release_new/new.3/include/g4trackfastsim:/cvmfs/eic.opensciencegrid.org/gcc-8.3/release/release_new/new.3/include/g4main:/cvmfs/eic.opensciencegrid.org/gcc-8.3/release/release_new/new.3/include/Tauola:/cvmfs/eic.opensciencegrid.org/gcc-8.3/release/release_new/new.3/include/log4cpp:/cvmfs/eic.opensciencegrid.org/gcc-8.3/release/release_new/new.3/include/tpccalib:/cvmfs/eic.opensciencegrid.org/gcc-8.3/release/release_new/new.3/include/mvtx:/cvmfs/eic.opensciencegrid.org/gcc-8.3/release/release_new/new.3/include/nlohmann:/cvmfs/eic.opensciencegrid.org/gcc-8.3/release/release_new/new.3/include/g4vertex:/cvmfs/eic.opensciencegrid.org/gcc-8.3/release/release_new/new.3/include/phgenfit:/cvmfs/eic.opensciencegrid.org/gcc-8.3/release/release_new/new.3/include/eicsmear:/cvmfs/eic.opensciencegrid.org/gcc-8.3/release/release_new/new.3/include/particleflowreco:/cvmfs/eic.opensciencegrid.org/gcc-8.3/release/release_new/new.3/include/phtpctracker:/cvmfs/eic.opensciencegrid.org/gcc-8.3/release/release_new/new.3/include/g4micromegas:/cvmfs/eic.opensciencegrid.org/gcc-8.3/release/release_new/new.3/include/micromegas:/cvmfs/eic.opensciencegrid.org/gcc-8.3/release/release_new/new.3/include/HepMC3:/cvmfs/eic.opensciencegrid.org/gcc-8.3/release/release_new/new.3/include/eicqa_modules:/cvmfs/eic.opensciencegrid.org/gcc-8.3/release/release_new/new.3/include/ActsExamples:/cvmfs/eic.opensciencegrid.org/gcc-8.3/release/release_new/new.3/include/g4epd:/cvmfs/eic.opensciencegrid.org/gcc-8.3/release/release_new/new.3/include/fermimotionafterburner:/cvmfs/eic.opensciencegrid.org/gcc-8.3/release/release_new/new.3/include/kfparticle_sphenix:/cvmfs/eic.opensciencegrid.org/gcc-8.3/release/release_new/new.3/include/XmlVGM:/cvmfs/eic.opensciencegrid.org/gcc-8.3/release/release_new/new.3/include/ClhepVGM:/cvmfs/eic.opensciencegrid.org/gcc-8.3/release/release_new/new.3/include/gdmlimporter:/cvmfs/eic.opensciencegrid.org/gcc-8.3/release/release_new/new.3/include/etm:/cvmfs/eic.opensciencegrid.org/gcc-8.3/release/release_new/new.3/include/BaseVGM:/cvmfs/eic.opensciencegrid.org/gcc-8.3/release/release_new/new.3/include/Geant4GM:/cvmfs/eic.opensciencegrid.org/gcc-8.3/release/release_new/new.3/include/VGM:/cvmfs/eic.opensciencegrid.org/gcc-8.3/release/release_new/new.3/include/RootGM:/cvmfs/eic.opensciencegrid.org/gcc-8.3/release/release_new/new.3/include/eictoydetectors:/cvmfs/eic.opensciencegrid.org/gcc-8.3/release/release_new/new.3/include/g4eiccalos:/cvmfs/eic.opensciencegrid.org/gcc-8.3/release/release_new/new.3/include/g4rich:/cvmfs/eic.opensciencegrid.org/gcc-8.3/release/release_new/new.3/include/drcalo:/cvmfs/eic.opensciencegrid.org/gcc-8.3/release/release_new/new.3/include/g4mrich:/cvmfs/eic.opensciencegrid.org/gcc-8.3/release/release_new/new.3/include/g4eicdirc:/cvmfs/eic.opensciencegrid.org/gcc-8.3/opt/fun4all/core/geant4.10.06.p02/include:/cvmfs/eic.opensciencegrid.org/gcc-8.3/release/release_new/new.3/rootmacros
FC=/cvmfs/eic.opensciencegrid.org/gcc-8.3/opt/fun4all/core/gcc/8.3.0.1-0a5ad/x86_64-centos7/bin/gfortran
CC=/cvmfs/eic.opensciencegrid.org/gcc-8.3/opt/fun4all/core/gcc/8.3.0.1-0a5ad/x86_64-centos7/bin/gcc
CXX=/cvmfs/eic.opensciencegrid.org/gcc-8.3/opt/fun4all/core/gcc/8.3.0.1-0a5ad/x86_64-centos7/bin/g++
COMPILER_PATH=/cvmfs/eic.opensciencegrid.org/gcc-8.3/opt/fun4all/core/gcc/8.3.0.1-0a5ad/x86_64-centos7
   ------------------------------------------------------------------
  | Welcome to ROOT 6.22/02                        https://root.cern |
  | (c) 1995-2020, The ROOT Team; conception: R. Brun, F. Rademakers |
  | Built for linuxx8664gcc on Aug 17 2020, 12:46:52                 |
  | From tags/v6-22-02@v6-22-02                                      |
  | Try '.help', '.demo', '.license', '.credits', '.quit'/'.q'       |
   ------------------------------------------------------------------


Processing Fun4All_G4_EICDetector.C(nEvents)...
   ------------------------------------------------------------------
  | Welcome to ROOT 6.22/02                        https://root.cern |
  | (c) 1995-2020, The ROOT Team; conception: R. Brun, F. Rademakers |
  | Built for linuxx8664gcc on Aug 17 2020, 12:46:52                 |
  | From tags/v6-22-02@v6-22-02                                      |
  | Try '.help', '.demo', '.license', '.credits', '.quit'/'.q'       |
   ------------------------------------------------------------------


Processing RunEval.C("EEMC","G4EICDetector.root")...
/home/phnxbld/EIC/gcc-8.3/new/source/fun4all_coresoftware/offline/framework/fun4all/Fun4AllDstInputManager.cc:150: : QAin Could not open file G4EICDetector.root
PHFlag::getFlag: ERROR Unknown Int Flag RUNNUMBER
Called by #3 or #4 in this list: 
 0# PHFlag::PrintStackTrace() const in /cvmfs/eic.opensciencegrid.org/gcc-8.3/release/release_new/new.3/lib/libphool.so.0
 1# PHFlag::get_IntFlag(std::__cxx11::basic_string<char, std::char_traits<char>, std::allocator<char> > const&) const in /cvmfs/eic.opensciencegrid.org/gcc-8.3/release/release_new/new.3/lib/libphool.so.0
 2# Fun4AllServer::End() in /cvmfs/eic.opensciencegrid.org/gcc-8.3/release/release_new/new.3/lib/libfun4all.so.0.0.0
 3# 0x00002AE139FECB89
 4# 0x00002AE139FE9112
 5# cling::IncrementalExecutor::executeWrapper(llvm::StringRef, cling::Value*) const in /cvmfs/eic.opensciencegrid.org/gcc-8.3/opt/fun4all/core/root-6.22.02/lib/libCling.so
 6# cling::Interpreter::RunFunction(clang::FunctionDecl const*, cling::Value*) in /cvmfs/eic.opensciencegrid.org/gcc-8.3/opt/fun4all/core/root-6.22.02/lib/libCling.so
 7# cling::Interpreter::EvaluateInternal(std::__cxx11::basic_string<char, std::char_traits<char>, std::allocator<char> > const&, cling::CompilationOptions, cling::Value*, cling::Transaction**, unsigned long) in /cvmfs/eic.opensciencegrid.org/gcc-8.3/opt/fun4all/core/root-6.22.02/lib/libCling.so
 8# cling::MetaSema::actOnxCommand(llvm::StringRef, llvm::StringRef, cling::Value*) in /cvmfs/eic.opensciencegrid.org/gcc-8.3/opt/fun4all/core/root-6.22.02/lib/libCling.so
 9# cling::MetaParser::isXCommand(cling::MetaSema::ActionResult&, cling::Value*) in /cvmfs/eic.opensciencegrid.org/gcc-8.3/opt/fun4all/core/root-6.22.02/lib/libCling.so
10# cling::MetaParser::isCommand(cling::MetaSema::ActionResult&, cling::Value*) in /cvmfs/eic.opensciencegrid.org/gcc-8.3/opt/fun4all/core/root-6.22.02/lib/libCling.so
11# cling::MetaProcessor::process(llvm::StringRef, cling::Interpreter::CompilationResult&, cling::Value*, bool) in /cvmfs/eic.opensciencegrid.org/gcc-8.3/opt/fun4all/core/root-6.22.02/lib/libCling.so
12# 0x00002AE13CE1C38C in /cvmfs/eic.opensciencegrid.org/gcc-8.3/opt/fun4all/core/root-6.22.02/lib/libCling.so
13# 0x00002AE13CE2D9AD in /cvmfs/eic.opensciencegrid.org/gcc-8.3/opt/fun4all/core/root-6.22.02/lib/libCling.so
14# 0x00002AE13CE2DC4E in /cvmfs/eic.opensciencegrid.org/gcc-8.3/opt/fun4all/core/root-6.22.02/lib/libCling.so
15# TApplication::ExecuteFile(char const*, int*, bool) in /cvmfs/eic.opensciencegrid.org/gcc-8.3/opt/fun4all/core/root-6.22.02/lib/libCore.so
16# TApplication::ProcessLine(char const*, bool, int*) in /cvmfs/eic.opensciencegrid.org/gcc-8.3/opt/fun4all/core/root-6.22.02/lib/libCore.so
17# TRint::ProcessLineNr(char const*, char const*, int*) in /cvmfs/eic.opensciencegrid.org/gcc-8.3/opt/fun4all/core/root-6.22.02/lib/libRint.so
18# TRint::Run(bool) in /cvmfs/eic.opensciencegrid.org/gcc-8.3/opt/fun4all/core/root-6.22.02/lib/libRint.so
19# 0x000000000040097A in root.exe
20# __libc_start_main in /usr/lib64/libc.so.6
21# 0x00000000004009BF in root.exe

DO NOT PANIC - this is not a segfault
The following flags are implemented: 

char* Flags:

Float Flags:

Integer Flags:
   ------------------------------------------------------------------
  | Welcome to ROOT 6.22/02                        https://root.cern |
  | (c) 1995-2020, The ROOT Team; conception: R. Brun, F. Rademakers |
  | Built for linuxx8664gcc on Aug 17 2020, 12:46:52                 |
  | From tags/v6-22-02@v6-22-02                                      |
  | Try '.help', '.demo', '.license', '.credits', '.quit'/'.q'       |
   ------------------------------------------------------------------


Processing RunEval.C("CEMC","G4EICDetector.root")...
/home/phnxbld/EIC/gcc-8.3/new/source/fun4all_coresoftware/offline/framework/fun4all/Fun4AllDstInputManager.cc:150: : QAin Could not open file G4EICDetector.root
PHFlag::getFlag: ERROR Unknown Int Flag RUNNUMBER
Called by #3 or #4 in this list: 
 0# PHFlag::PrintStackTrace() const in /cvmfs/eic.opensciencegrid.org/gcc-8.3/release/release_new/new.3/lib/libphool.so.0
 1# PHFlag::get_IntFlag(std::__cxx11::basic_string<char, std::char_traits<char>, std::allocator<char> > const&) const in /cvmfs/eic.opensciencegrid.org/gcc-8.3/release/release_new/new.3/lib/libphool.so.0
 2# Fun4AllServer::End() in /cvmfs/eic.opensciencegrid.org/gcc-8.3/release/release_new/new.3/lib/libfun4all.so.0.0.0
 3# 0x00002B5A899CDB89
 4# 0x00002B5A899CA112
 5# cling::IncrementalExecutor::executeWrapper(llvm::StringRef, cling::Value*) const in /cvmfs/eic.opensciencegrid.org/gcc-8.3/opt/fun4all/core/root-6.22.02/lib/libCling.so
 6# cling::Interpreter::RunFunction(clang::FunctionDecl const*, cling::Value*) in /cvmfs/eic.opensciencegrid.org/gcc-8.3/opt/fun4all/core/root-6.22.02/lib/libCling.so
 7# cling::Interpreter::EvaluateInternal(std::__cxx11::basic_string<char, std::char_traits<char>, std::allocator<char> > const&, cling::CompilationOptions, cling::Value*, cling::Transaction**, unsigned long) in /cvmfs/eic.opensciencegrid.org/gcc-8.3/opt/fun4all/core/root-6.22.02/lib/libCling.so
 8# cling::MetaSema::actOnxCommand(llvm::StringRef, llvm::StringRef, cling::Value*) in /cvmfs/eic.opensciencegrid.org/gcc-8.3/opt/fun4all/core/root-6.22.02/lib/libCling.so
 9# cling::MetaParser::isXCommand(cling::MetaSema::ActionResult&, cling::Value*) in /cvmfs/eic.opensciencegrid.org/gcc-8.3/opt/fun4all/core/root-6.22.02/lib/libCling.so
10# cling::MetaParser::isCommand(cling::MetaSema::ActionResult&, cling::Value*) in /cvmfs/eic.opensciencegrid.org/gcc-8.3/opt/fun4all/core/root-6.22.02/lib/libCling.so
11# cling::MetaProcessor::process(llvm::StringRef, cling::Interpreter::CompilationResult&, cling::Value*, bool) in /cvmfs/eic.opensciencegrid.org/gcc-8.3/opt/fun4all/core/root-6.22.02/lib/libCling.so
12# 0x00002B5A8C7FD38C in /cvmfs/eic.opensciencegrid.org/gcc-8.3/opt/fun4all/core/root-6.22.02/lib/libCling.so
13# 0x00002B5A8C80E9AD in /cvmfs/eic.opensciencegrid.org/gcc-8.3/opt/fun4all/core/root-6.22.02/lib/libCling.so
14# 0x00002B5A8C80EC4E in /cvmfs/eic.opensciencegrid.org/gcc-8.3/opt/fun4all/core/root-6.22.02/lib/libCling.so
15# TApplication::ExecuteFile(char const*, int*, bool) in /cvmfs/eic.opensciencegrid.org/gcc-8.3/opt/fun4all/core/root-6.22.02/lib/libCore.so
16# TApplication::ProcessLine(char const*, bool, int*) in /cvmfs/eic.opensciencegrid.org/gcc-8.3/opt/fun4all/core/root-6.22.02/lib/libCore.so
17# TRint::ProcessLineNr(char const*, char const*, int*) in /cvmfs/eic.opensciencegrid.org/gcc-8.3/opt/fun4all/core/root-6.22.02/lib/libRint.so
18# TRint::Run(bool) in /cvmfs/eic.opensciencegrid.org/gcc-8.3/opt/fun4all/core/root-6.22.02/lib/libRint.so
19# 0x000000000040097A in root.exe
20# __libc_start_main in /usr/lib64/libc.so.6
21# 0x00000000004009BF in root.exe

DO NOT PANIC - this is not a segfault
The following flags are implemented: 

char* Flags:

Float Flags:

Integer Flags:
   ------------------------------------------------------------------
  | Welcome to ROOT 6.22/02                        https://root.cern |
  | (c) 1995-2020, The ROOT Team; conception: R. Brun, F. Rademakers |
  | Built for linuxx8664gcc on Aug 17 2020, 12:46:52                 |
  | From tags/v6-22-02@v6-22-02                                      |
  | Try '.help', '.demo', '.license', '.credits', '.quit'/'.q'       |
   ------------------------------------------------------------------


Processing RunEval.C("FEMC","G4EICDetector.root")...
/home/phnxbld/EIC/gcc-8.3/new/source/fun4all_coresoftware/offline/framework/fun4all/Fun4AllDstInputManager.cc:150: : QAin Could not open file G4EICDetector.root
PHFlag::getFlag: ERROR Unknown Int Flag RUNNUMBER
Called by #3 or #4 in this list: 
 0# PHFlag::PrintStackTrace() const in /cvmfs/eic.opensciencegrid.org/gcc-8.3/release/release_new/new.3/lib/libphool.so.0
 1# PHFlag::get_IntFlag(std::__cxx11::basic_string<char, std::char_traits<char>, std::allocator<char> > const&) const in /cvmfs/eic.opensciencegrid.org/gcc-8.3/release/release_new/new.3/lib/libphool.so.0
 2# Fun4AllServer::End() in /cvmfs/eic.opensciencegrid.org/gcc-8.3/release/release_new/new.3/lib/libfun4all.so.0.0.0
 3# 0x00002B21BEE96B89
 4# 0x00002B21BEE93112
 5# cling::IncrementalExecutor::executeWrapper(llvm::StringRef, cling::Value*) const in /cvmfs/eic.opensciencegrid.org/gcc-8.3/opt/fun4all/core/root-6.22.02/lib/libCling.so
 6# cling::Interpreter::RunFunction(clang::FunctionDecl const*, cling::Value*) in /cvmfs/eic.opensciencegrid.org/gcc-8.3/opt/fun4all/core/root-6.22.02/lib/libCling.so
 7# cling::Interpreter::EvaluateInternal(std::__cxx11::basic_string<char, std::char_traits<char>, std::allocator<char> > const&, cling::CompilationOptions, cling::Value*, cling::Transaction**, unsigned long) in /cvmfs/eic.opensciencegrid.org/gcc-8.3/opt/fun4all/core/root-6.22.02/lib/libCling.so
 8# cling::MetaSema::actOnxCommand(llvm::StringRef, llvm::StringRef, cling::Value*) in /cvmfs/eic.opensciencegrid.org/gcc-8.3/opt/fun4all/core/root-6.22.02/lib/libCling.so
 9# cling::MetaParser::isXCommand(cling::MetaSema::ActionResult&, cling::Value*) in /cvmfs/eic.opensciencegrid.org/gcc-8.3/opt/fun4all/core/root-6.22.02/lib/libCling.so
10# cling::MetaParser::isCommand(cling::MetaSema::ActionResult&, cling::Value*) in /cvmfs/eic.opensciencegrid.org/gcc-8.3/opt/fun4all/core/root-6.22.02/lib/libCling.so
11# cling::MetaProcessor::process(llvm::StringRef, cling::Interpreter::CompilationResult&, cling::Value*, bool) in /cvmfs/eic.opensciencegrid.org/gcc-8.3/opt/fun4all/core/root-6.22.02/lib/libCling.so
12# 0x00002B21C1CC638C in /cvmfs/eic.opensciencegrid.org/gcc-8.3/opt/fun4all/core/root-6.22.02/lib/libCling.so
13# 0x00002B21C1CD79AD in /cvmfs/eic.opensciencegrid.org/gcc-8.3/opt/fun4all/core/root-6.22.02/lib/libCling.so
14# 0x00002B21C1CD7C4E in /cvmfs/eic.opensciencegrid.org/gcc-8.3/opt/fun4all/core/root-6.22.02/lib/libCling.so
15# TApplication::ExecuteFile(char const*, int*, bool) in /cvmfs/eic.opensciencegrid.org/gcc-8.3/opt/fun4all/core/root-6.22.02/lib/libCore.so
16# TApplication::ProcessLine(char const*, bool, int*) in /cvmfs/eic.opensciencegrid.org/gcc-8.3/opt/fun4all/core/root-6.22.02/lib/libCore.so
17# TRint::ProcessLineNr(char const*, char const*, int*) in /cvmfs/eic.opensciencegrid.org/gcc-8.3/opt/fun4all/core/root-6.22.02/lib/libRint.so
18# TRint::Run(bool) in /cvmfs/eic.opensciencegrid.org/gcc-8.3/opt/fun4all/core/root-6.22.02/lib/libRint.so
19# 0x000000000040097A in root.exe
20# __libc_start_main in /usr/lib64/libc.so.6
21# 0x00000000004009BF in root.exe

DO NOT PANIC - this is not a segfault
The following flags are implemented: 

char* Flags:

Float Flags:

Integer Flags:
   ------------------------------------------------------------------
  | Welcome to ROOT 6.22/02                        https://root.cern |
  | (c) 1995-2020, The ROOT Team; conception: R. Brun, F. Rademakers |
  | Built for linuxx8664gcc on Aug 17 2020, 12:46:52                 |
  | From tags/v6-22-02@v6-22-02                                      |
  | Try '.help', '.demo', '.license', '.credits', '.quit'/'.q'       |
   ------------------------------------------------------------------


Processing RunEval.C("HCALIN","G4EICDetector.root")...
/home/phnxbld/EIC/gcc-8.3/new/source/fun4all_coresoftware/offline/framework/fun4all/Fun4AllDstInputManager.cc:150: : QAin Could not open file G4EICDetector.root
PHFlag::getFlag: ERROR Unknown Int Flag RUNNUMBER
Called by #3 or #4 in this list: 
 0# PHFlag::PrintStackTrace() const in /cvmfs/eic.opensciencegrid.org/gcc-8.3/release/release_new/new.3/lib/libphool.so.0
 1# PHFlag::get_IntFlag(std::__cxx11::basic_string<char, std::char_traits<char>, std::allocator<char> > const&) const in /cvmfs/eic.opensciencegrid.org/gcc-8.3/release/release_new/new.3/lib/libphool.so.0
 2# Fun4AllServer::End() in /cvmfs/eic.opensciencegrid.org/gcc-8.3/release/release_new/new.3/lib/libfun4all.so.0.0.0
 3# 0x00002B168FC87B89
 4# 0x00002B168FC84112
 5# cling::IncrementalExecutor::executeWrapper(llvm::StringRef, cling::Value*) const in /cvmfs/eic.opensciencegrid.org/gcc-8.3/opt/fun4all/core/root-6.22.02/lib/libCling.so
 6# cling::Interpreter::RunFunction(clang::FunctionDecl const*, cling::Value*) in /cvmfs/eic.opensciencegrid.org/gcc-8.3/opt/fun4all/core/root-6.22.02/lib/libCling.so
 7# cling::Interpreter::EvaluateInternal(std::__cxx11::basic_string<char, std::char_traits<char>, std::allocator<char> > const&, cling::CompilationOptions, cling::Value*, cling::Transaction**, unsigned long) in /cvmfs/eic.opensciencegrid.org/gcc-8.3/opt/fun4all/core/root-6.22.02/lib/libCling.so
 8# cling::MetaSema::actOnxCommand(llvm::StringRef, llvm::StringRef, cling::Value*) in /cvmfs/eic.opensciencegrid.org/gcc-8.3/opt/fun4all/core/root-6.22.02/lib/libCling.so
 9# cling::MetaParser::isXCommand(cling::MetaSema::ActionResult&, cling::Value*) in /cvmfs/eic.opensciencegrid.org/gcc-8.3/opt/fun4all/core/root-6.22.02/lib/libCling.so
10# cling::MetaParser::isCommand(cling::MetaSema::ActionResult&, cling::Value*) in /cvmfs/eic.opensciencegrid.org/gcc-8.3/opt/fun4all/core/root-6.22.02/lib/libCling.so
11# cling::MetaProcessor::process(llvm::StringRef, cling::Interpreter::CompilationResult&, cling::Value*, bool) in /cvmfs/eic.opensciencegrid.org/gcc-8.3/opt/fun4all/core/root-6.22.02/lib/libCling.so
12# 0x00002B1692AB738C in /cvmfs/eic.opensciencegrid.org/gcc-8.3/opt/fun4all/core/root-6.22.02/lib/libCling.so
13# 0x00002B1692AC89AD in /cvmfs/eic.opensciencegrid.org/gcc-8.3/opt/fun4all/core/root-6.22.02/lib/libCling.so
14# 0x00002B1692AC8C4E in /cvmfs/eic.opensciencegrid.org/gcc-8.3/opt/fun4all/core/root-6.22.02/lib/libCling.so
15# TApplication::ExecuteFile(char const*, int*, bool) in /cvmfs/eic.opensciencegrid.org/gcc-8.3/opt/fun4all/core/root-6.22.02/lib/libCore.so
16# TApplication::ProcessLine(char const*, bool, int*) in /cvmfs/eic.opensciencegrid.org/gcc-8.3/opt/fun4all/core/root-6.22.02/lib/libCore.so
17# TRint::ProcessLineNr(char const*, char const*, int*) in /cvmfs/eic.opensciencegrid.org/gcc-8.3/opt/fun4all/core/root-6.22.02/lib/libRint.so
18# TRint::Run(bool) in /cvmfs/eic.opensciencegrid.org/gcc-8.3/opt/fun4all/core/root-6.22.02/lib/libRint.so
19# 0x000000000040097A in root.exe
20# __libc_start_main in /usr/lib64/libc.so.6
21# 0x00000000004009BF in root.exe

DO NOT PANIC - this is not a segfault
The following flags are implemented: 

char* Flags:

Float Flags:

Integer Flags:
   ------------------------------------------------------------------
  | Welcome to ROOT 6.22/02                        https://root.cern |
  | (c) 1995-2020, The ROOT Team; conception: R. Brun, F. Rademakers |
  | Built for linuxx8664gcc on Aug 17 2020, 12:46:52                 |
  | From tags/v6-22-02@v6-22-02                                      |
  | Try '.help', '.demo', '.license', '.credits', '.quit'/'.q'       |
   ------------------------------------------------------------------


Processing RunEval.C("HCALOUT","G4EICDetector.root")...
/home/phnxbld/EIC/gcc-8.3/new/source/fun4all_coresoftware/offline/framework/fun4all/Fun4AllDstInputManager.cc:150: : QAin Could not open file G4EICDetector.root
PHFlag::getFlag: ERROR Unknown Int Flag RUNNUMBER
Called by #3 or #4 in this list: 
 0# PHFlag::PrintStackTrace() const in /cvmfs/eic.opensciencegrid.org/gcc-8.3/release/release_new/new.3/lib/libphool.so.0
 1# PHFlag::get_IntFlag(std::__cxx11::basic_string<char, std::char_traits<char>, std::allocator<char> > const&) const in /cvmfs/eic.opensciencegrid.org/gcc-8.3/release/release_new/new.3/lib/libphool.so.0
 2# Fun4AllServer::End() in /cvmfs/eic.opensciencegrid.org/gcc-8.3/release/release_new/new.3/lib/libfun4all.so.0.0.0
 3# 0x00002B651C9E4B89
 4# 0x00002B651C9E1112
 5# cling::IncrementalExecutor::executeWrapper(llvm::StringRef, cling::Value*) const in /cvmfs/eic.opensciencegrid.org/gcc-8.3/opt/fun4all/core/root-6.22.02/lib/libCling.so
 6# cling::Interpreter::RunFunction(clang::FunctionDecl const*, cling::Value*) in /cvmfs/eic.opensciencegrid.org/gcc-8.3/opt/fun4all/core/root-6.22.02/lib/libCling.so
 7# cling::Interpreter::EvaluateInternal(std::__cxx11::basic_string<char, std::char_traits<char>, std::allocator<char> > const&, cling::CompilationOptions, cling::Value*, cling::Transaction**, unsigned long) in /cvmfs/eic.opensciencegrid.org/gcc-8.3/opt/fun4all/core/root-6.22.02/lib/libCling.so
 8# cling::MetaSema::actOnxCommand(llvm::StringRef, llvm::StringRef, cling::Value*) in /cvmfs/eic.opensciencegrid.org/gcc-8.3/opt/fun4all/core/root-6.22.02/lib/libCling.so
 9# cling::MetaParser::isXCommand(cling::MetaSema::ActionResult&, cling::Value*) in /cvmfs/eic.opensciencegrid.org/gcc-8.3/opt/fun4all/core/root-6.22.02/lib/libCling.so
10# cling::MetaParser::isCommand(cling::MetaSema::ActionResult&, cling::Value*) in /cvmfs/eic.opensciencegrid.org/gcc-8.3/opt/fun4all/core/root-6.22.02/lib/libCling.so
11# cling::MetaProcessor::process(llvm::StringRef, cling::Interpreter::CompilationResult&, cling::Value*, bool) in /cvmfs/eic.opensciencegrid.org/gcc-8.3/opt/fun4all/core/root-6.22.02/lib/libCling.so
12# 0x00002B651F81438C in /cvmfs/eic.opensciencegrid.org/gcc-8.3/opt/fun4all/core/root-6.22.02/lib/libCling.so
13# 0x00002B651F8259AD in /cvmfs/eic.opensciencegrid.org/gcc-8.3/opt/fun4all/core/root-6.22.02/lib/libCling.so
14# 0x00002B651F825C4E in /cvmfs/eic.opensciencegrid.org/gcc-8.3/opt/fun4all/core/root-6.22.02/lib/libCling.so
15# TApplication::ExecuteFile(char const*, int*, bool) in /cvmfs/eic.opensciencegrid.org/gcc-8.3/opt/fun4all/core/root-6.22.02/lib/libCore.so
16# TApplication::ProcessLine(char const*, bool, int*) in /cvmfs/eic.opensciencegrid.org/gcc-8.3/opt/fun4all/core/root-6.22.02/lib/libCore.so
17# TRint::ProcessLineNr(char const*, char const*, int*) in /cvmfs/eic.opensciencegrid.org/gcc-8.3/opt/fun4all/core/root-6.22.02/lib/libRint.so
18# TRint::Run(bool) in /cvmfs/eic.opensciencegrid.org/gcc-8.3/opt/fun4all/core/root-6.22.02/lib/libRint.so
19# 0x000000000040097A in root.exe
20# __libc_start_main in /usr/lib64/libc.so.6
21# 0x00000000004009BF in root.exe

DO NOT PANIC - this is not a segfault
The following flags are implemented: 

char* Flags:

Float Flags:

Integer Flags:
   ------------------------------------------------------------------
  | Welcome to ROOT 6.22/02                        https://root.cern |
  | (c) 1995-2020, The ROOT Team; conception: R. Brun, F. Rademakers |
  | Built for linuxx8664gcc on Aug 17 2020, 12:46:52                 |
  | From tags/v6-22-02@v6-22-02                                      |
  | Try '.help', '.demo', '.license', '.credits', '.quit'/'.q'       |
   ------------------------------------------------------------------


Processing RunEval.C("FHCAL","G4EICDetector.root")...
/home/phnxbld/EIC/gcc-8.3/new/source/fun4all_coresoftware/offline/framework/fun4all/Fun4AllDstInputManager.cc:150: : QAin Could not open file G4EICDetector.root
PHFlag::getFlag: ERROR Unknown Int Flag RUNNUMBER
Called by #3 or #4 in this list: 
 0# PHFlag::PrintStackTrace() const in /cvmfs/eic.opensciencegrid.org/gcc-8.3/release/release_new/new.3/lib/libphool.so.0
 1# PHFlag::get_IntFlag(std::__cxx11::basic_string<char, std::char_traits<char>, std::allocator<char> > const&) const in /cvmfs/eic.opensciencegrid.org/gcc-8.3/release/release_new/new.3/lib/libphool.so.0
 2# Fun4AllServer::End() in /cvmfs/eic.opensciencegrid.org/gcc-8.3/release/release_new/new.3/lib/libfun4all.so.0.0.0
 3# 0x00002B56B13CBB89
 4# 0x00002B56B13C8112
 5# cling::IncrementalExecutor::executeWrapper(llvm::StringRef, cling::Value*) const in /cvmfs/eic.opensciencegrid.org/gcc-8.3/opt/fun4all/core/root-6.22.02/lib/libCling.so
 6# cling::Interpreter::RunFunction(clang::FunctionDecl const*, cling::Value*) in /cvmfs/eic.opensciencegrid.org/gcc-8.3/opt/fun4all/core/root-6.22.02/lib/libCling.so
 7# cling::Interpreter::EvaluateInternal(std::__cxx11::basic_string<char, std::char_traits<char>, std::allocator<char> > const&, cling::CompilationOptions, cling::Value*, cling::Transaction**, unsigned long) in /cvmfs/eic.opensciencegrid.org/gcc-8.3/opt/fun4all/core/root-6.22.02/lib/libCling.so
 8# cling::MetaSema::actOnxCommand(llvm::StringRef, llvm::StringRef, cling::Value*) in /cvmfs/eic.opensciencegrid.org/gcc-8.3/opt/fun4all/core/root-6.22.02/lib/libCling.so
 9# cling::MetaParser::isXCommand(cling::MetaSema::ActionResult&, cling::Value*) in /cvmfs/eic.opensciencegrid.org/gcc-8.3/opt/fun4all/core/root-6.22.02/lib/libCling.so
10# cling::MetaParser::isCommand(cling::MetaSema::ActionResult&, cling::Value*) in /cvmfs/eic.opensciencegrid.org/gcc-8.3/opt/fun4all/core/root-6.22.02/lib/libCling.so
11# cling::MetaProcessor::process(llvm::StringRef, cling::Interpreter::CompilationResult&, cling::Value*, bool) in /cvmfs/eic.opensciencegrid.org/gcc-8.3/opt/fun4all/core/root-6.22.02/lib/libCling.so
12# 0x00002B56B41FB38C in /cvmfs/eic.opensciencegrid.org/gcc-8.3/opt/fun4all/core/root-6.22.02/lib/libCling.so
13# 0x00002B56B420C9AD in /cvmfs/eic.opensciencegrid.org/gcc-8.3/opt/fun4all/core/root-6.22.02/lib/libCling.so
14# 0x00002B56B420CC4E in /cvmfs/eic.opensciencegrid.org/gcc-8.3/opt/fun4all/core/root-6.22.02/lib/libCling.so
15# TApplication::ExecuteFile(char const*, int*, bool) in /cvmfs/eic.opensciencegrid.org/gcc-8.3/opt/fun4all/core/root-6.22.02/lib/libCore.so
16# TApplication::ProcessLine(char const*, bool, int*) in /cvmfs/eic.opensciencegrid.org/gcc-8.3/opt/fun4all/core/root-6.22.02/lib/libCore.so
17# TRint::ProcessLineNr(char const*, char const*, int*) in /cvmfs/eic.opensciencegrid.org/gcc-8.3/opt/fun4all/core/root-6.22.02/lib/libRint.so
18# TRint::Run(bool) in /cvmfs/eic.opensciencegrid.org/gcc-8.3/opt/fun4all/core/root-6.22.02/lib/libRint.so
19# 0x000000000040097A in root.exe
20# __libc_start_main in /usr/lib64/libc.so.6
21# 0x00000000004009BF in root.exe

DO NOT PANIC - this is not a segfault
The following flags are implemented: 

char* Flags:

Float Flags:

Integer Flags:
condorjob done
